SF:lib/views/UserGardensPage.dart
DA:11,0
DA:13,0
DA:17,0
DA:19,0
DA:20,0
DA:23,0
DA:24,0
DA:29,0
DA:31,0
DA:32,0
DA:34,0
DA:37,0
DA:39,0
DA:46,0
DA:57,0
DA:58,0
DA:59,0
DA:62,0
DA:63,0
DA:73,0
DA:74,0
DA:75,0
DA:78,0
DA:80,0
DA:82,0
DA:86,0
DA:94,0
DA:95,0
DA:96,0
DA:97,0
DA:99,0
DA:100,0
DA:103,0
DA:104,0
DA:110,0
DA:111,0
DA:112,0
DA:114,0
DA:115,0
DA:117,0
DA:118,0
DA:120,0
DA:122,0
DA:124,0
DA:126,0
DA:127,0
DA:129,0
DA:132,0
DA:133,0
DA:135,0
DA:136,0
DA:138,0
DA:140,0
DA:142,0
DA:144,0
DA:145,0
DA:147,0
DA:154,0
DA:157,0
DA:158,0
DA:159,0
DA:161,0
DA:164,0
DA:166,0
DA:167,0
DA:170,0
DA:172,0
LF:67
LH:0
end_of_record
SF:lib/Arguments/GardenInfoArguments.dart
DA:6,0
LF:1
LH:0
end_of_record
SF:lib/Arguments/UserInfoArguments.dart
DA:5,0
LF:1
LH:0
end_of_record
SF:lib/ConnectionSettings.dart
DA:4,0
LF:1
LH:0
end_of_record
SF:lib/styles.dart
DA:12,0
DA:14,0
DA:36,0
DA:37,0
DA:44,0
DA:45,0
DA:46,0
DA:50,0
DA:51,0
LF:9
LH:0
end_of_record
SF:lib/views/WelcomePage.dart
DA:5,1
DA:7,0
DA:9,0
DA:15,0
DA:17,0
DA:20,0
DA:22,0
DA:24,0
DA:30,0
DA:32,0
DA:40,0
DA:41,0
DA:42,0
DA:44,0
DA:46,0
DA:47,0
DA:48,0
DA:49,0
DA:50,0
DA:53,0
DA:54,0
DA:56,0
LF:22
LH:1
end_of_record
